::1 - - [12/Jun/2026 20:51:38] "HEAD / HTTP/1.1" 200 -
::1 - - [12/Jun/2026 20:51:41] "GET / HTTP/1.1" 304 -
::1 - - [12/Jun/2026 20:51:41] "GET /style.css?v=1.3.9 HTTP/1.1" 200 -
::1 - - [12/Jun/2026 20:51:41] "GET /lyrics.js?v=1.3.9 HTTP/1.1" 200 -
::1 - - [12/Jun/2026 20:51:41] "GET /data.js?v=1.3.9 HTTP/1.1" 200 -
::1 - - [12/Jun/2026 20:51:41] "GET /daydata.js?v=1.3.9 HTTP/1.1" 200 -
::1 - - [12/Jun/2026 20:51:41] "GET /app.js?v=1.3.9 HTTP/1.1" 200 -
::1 - - [12/Jun/2026 20:51:42] code 404, message File not found
::1 - - [12/Jun/2026 20:51:42] "GET /favicon.ico HTTP/1.1" 404 -
::1 - - [12/Jun/2026 20:51:52] "GET /images/stickers/circle_A%E8%97%8D.png HTTP/1.1" 304 -
::1 - - [12/Jun/2026 20:51:52] "GET /images/stickers/lamp_A%E8%97%8D.png HTTP/1.1" 304 -
::1 - - [12/Jun/2026 20:51:52] "GET /images/stickers/jingSi_A%E8%97%8D.png HTTP/1.1" 304 -
::1 - - [12/Jun/2026 20:51:52] "GET /images/stickers/xingYuan_A%E8%97%8D.png HTTP/1.1" 304 -
::1 - - [12/Jun/2026 20:51:52] "GET /images/stickers/noBoat_A%E8%97%8D.png HTTP/1.1" 304 -
::1 - - [12/Jun/2026 20:51:52] "GET /images/stickers/basic_A%E8%97%8D.png HTTP/1.1" 304 -
::1 - - [12/Jun/2026 20:51:52] "GET /images/stickers/bigV_A%E8%97%8D.png HTTP/1.1" 304 -
::1 - - [12/Jun/2026 20:55:12] "GET / HTTP/1.1" 200 -
::1 - - [12/Jun/2026 20:55:12] "GET /style.css?v=1.4.0 HTTP/1.1" 200 -
::1 - - [12/Jun/2026 20:55:12] "GET /data.js?v=1.4.0 HTTP/1.1" 200 -
::1 - - [12/Jun/2026 20:55:12] "GET /lyrics.js?v=1.4.0 HTTP/1.1" 200 -
::1 - - [12/Jun/2026 20:55:12] "GET /daydata.js?v=1.4.0 HTTP/1.1" 200 -
::1 - - [12/Jun/2026 20:55:12] "GET /app.js?v=1.4.0 HTTP/1.1" 200 -
::1 - - [12/Jun/2026 20:55:12] "GET / HTTP/1.1" 304 -
::1 - - [12/Jun/2026 20:55:12] "GET / HTTP/1.1" 304 -
::1 - - [12/Jun/2026 20:55:12] "GET / HTTP/1.1" 304 -
::1 - - [12/Jun/2026 20:55:13] "GET / HTTP/1.1" 304 -
::1 - - [12/Jun/2026 20:55:13] "GET / HTTP/1.1" 304 -
::1 - - [12/Jun/2026 20:55:13] "GET / HTTP/1.1" 304 -
::1 - - [12/Jun/2026 20:55:13] "GET / HTTP/1.1" 304 -
::1 - - [12/Jun/2026 20:55:14] "GET / HTTP/1.1" 304 -
::1 - - [12/Jun/2026 20:57:31] "GET / HTTP/1.1" 200 -
::1 - - [12/Jun/2026 20:57:31] "GET /data.js?v=1.4.1 HTTP/1.1" 200 -
::1 - - [12/Jun/2026 20:57:31] "GET /style.css?v=1.4.1 HTTP/1.1" 200 -
::1 - - [12/Jun/2026 20:57:31] "GET /daydata.js?v=1.4.1 HTTP/1.1" 200 -
::1 - - [12/Jun/2026 20:57:31] "GET /app.js?v=1.4.1 HTTP/1.1" 200 -
::1 - - [12/Jun/2026 20:57:31] "GET /lyrics.js?v=1.4.1 HTTP/1.1" 200 -
::1 - - [12/Jun/2026 20:57:31] "GET / HTTP/1.1" 304 -
::1 - - [12/Jun/2026 20:57:31] "GET / HTTP/1.1" 304 -
::1 - - [12/Jun/2026 21:03:38] "GET / HTTP/1.1" 200 -
::1 - - [12/Jun/2026 21:03:38] "GET /style.css?v=1.4.2 HTTP/1.1" 200 -
::1 - - [12/Jun/2026 21:03:38] "GET /data.js?v=1.4.2 HTTP/1.1" 200 -
::1 - - [12/Jun/2026 21:03:38] "GET /lyrics.js?v=1.4.2 HTTP/1.1" 200 -
::1 - - [12/Jun/2026 21:03:38] "GET /daydata.js?v=1.4.2 HTTP/1.1" 200 -
::1 - - [12/Jun/2026 21:03:38] "GET /app.js?v=1.4.2 HTTP/1.1" 200 -
::1 - - [12/Jun/2026 21:03:38] "GET / HTTP/1.1" 304 -
::1 - - [12/Jun/2026 21:03:39] "GET / HTTP/1.1" 304 -
